<?xml version="1.0" encoding="UTF-8"?>
<coverage generated="1503935631406" clover="3.2.0">
  <project timestamp="1503935631407" name="All files">
    <metrics statements="29" coveredstatements="29" conditionals="4" coveredconditionals="3" methods="9" coveredmethods="9" elements="42" coveredelements="41" complexity="0" loc="29" ncloc="29" packages="1" files="2" classes="2">
      <file name="index.ts" path="/Users/yuchen/Projects/yca/auth-local/src/index.ts">
        <metrics statements="9" coveredstatements="9" conditionals="1" coveredconditionals="1" methods="2" coveredmethods="2"/>
        <line num="1" count="1" type="stmt"/>
        <line num="2" count="1" type="stmt"/>
        <line num="3" count="1" type="stmt"/>
        <line num="4" count="1" type="stmt"/>
        <line num="5" count="1" type="stmt"/>
        <line num="7" count="1" type="stmt"/>
        <line num="16" count="1" type="stmt"/>
        <line num="17" count="9" type="stmt"/>
        <line num="26" count="1" type="stmt"/>
      </file>
      <file name="service.ts" path="/Users/yuchen/Projects/yca/auth-local/src/service.ts">
        <metrics statements="20" coveredstatements="20" conditionals="3" coveredconditionals="2" methods="7" coveredmethods="7"/>
        <line num="1" count="1" type="stmt"/>
        <line num="2" count="1" type="stmt"/>
        <line num="3" count="1" type="stmt"/>
        <line num="4" count="1" type="stmt"/>
        <line num="5" count="1" type="stmt"/>
        <line num="8" count="1" type="stmt"/>
        <line num="11" count="9" type="stmt"/>
        <line num="12" count="9" type="cond" truecount="2" falsecount="1"/>
        <line num="13" count="9" type="stmt"/>
        <line num="17" count="2" type="stmt"/>
        <line num="18" count="2" type="stmt"/>
        <line num="19" count="1" type="stmt"/>
        <line num="21" count="1" type="stmt"/>
        <line num="25" count="1" type="stmt"/>
        <line num="26" count="1" type="stmt"/>
        <line num="27" count="1" type="stmt"/>
        <line num="29" count="1" type="stmt"/>
        <line num="33" count="1" type="stmt"/>
        <line num="34" count="1" type="stmt"/>
        <line num="35" count="1" type="stmt"/>
      </file>
    </metrics>
  </project>
</coverage>
