{"/Users/yuchen/Projects/yca/auth-local/src/index.ts": {"path":"/Users/yuchen/Projects/yca/auth-local/src/index.ts","statementMap":{"0":{"start":{"line":1,"column":0},"end":{"line":1,"column":61}},"1":{"start":{"line":2,"column":0},"end":{"line":2,"column":46}},"2":{"start":{"line":3,"column":0},"end":{"line":3,"column":48}},"3":{"start":{"line":4,"column":0},"end":{"line":4,"column":32}},"4":{"start":{"line":5,"column":0},"end":{"line":5,"column":53}},"5":{"start":{"line":7,"column":0},"end":{"line":7,"column":26}},"6":{"start":{"line":17,"column":2},"end":{"line":17,"column":34}},"7":{"start":{"line":16,"column":0},"end":{"line":18,"column":1}},"8":{"start":{"line":26,"column":13},"end":{"line":null,"column":-1}},"9":{"start":{"line":26,"column":13},"end":{"line":26,"column":28}}},"fnMap":{"0":{"name":"AuthLocalFactory","decl":{"start":{"line":16,"column":0},"end":{"line":16,"column":32}},"loc":{"start":{"line":16,"column":66},"end":{"line":18,"column":1}}},"1":{"name":"(anonymous_3)","decl":{"start":{"line":27,"column":2},"end":{"line":27,"column":8}},"loc":{"start":{"line":27,"column":17},"end":{"line":43,"column":3}}}},"branchMap":{"0":{"loc":{"start":{"line":27,"column":17},"end":{"line":27,"column":42}},"type":"default-arg","locations":[{"start":{"line":27,"column":17},"end":{"line":27,"column":42}}]}},"s":{"0":1,"1":1,"2":1,"3":1,"4":1,"5":1,"6":9,"7":1,"8":1,"9":1},"f":{"0":9,"1":9},"b":{"0":[7]}}
,"/Users/yuchen/Projects/yca/auth-local/src/service.ts": {"path":"/Users/yuchen/Projects/yca/auth-local/src/service.ts","statementMap":{"0":{"start":{"line":1,"column":0},"end":{"line":1,"column":42}},"1":{"start":{"line":2,"column":0},"end":{"line":2,"column":46}},"2":{"start":{"line":3,"column":0},"end":{"line":3,"column":32}},"3":{"start":{"line":4,"column":0},"end":{"line":4,"column":31}},"4":{"start":{"line":5,"column":0},"end":{"line":5,"column":37}},"5":{"start":{"line":11,"column":20},"end":{"line":null,"column":-1}},"6":{"start":{"line":12,"column":12},"end":{"line":null,"column":-1}},"7":{"start":{"line":13,"column":12},"end":{"line":null,"column":-1}},"8":{"start":{"line":17,"column":10},"end":{"line":17,"column":15}},"9":{"start":{"line":18,"column":10},"end":{"line":20,"column":7}},"10":{"start":{"line":19,"column":16},"end":{"line":19,"column":17}},"11":{"start":{"line":21,"column":4},"end":{"line":21,"column":27}},"12":{"start":{"line":25,"column":10},"end":{"line":25,"column":15}},"13":{"start":{"line":26,"column":10},"end":{"line":28,"column":7}},"14":{"start":{"line":27,"column":16},"end":{"line":27,"column":17}},"15":{"start":{"line":29,"column":4},"end":{"line":29,"column":27}},"16":{"start":{"line":33,"column":10},"end":{"line":33,"column":15}},"17":{"start":{"line":34,"column":10},"end":{"line":36,"column":7}},"18":{"start":{"line":35,"column":16},"end":{"line":35,"column":17}},"19":{"start":{"line":8,"column":13},"end":{"line":null,"column":-1}},"20":{"start":{"line":8,"column":13},"end":{"line":8,"column":22}}},"fnMap":{"0":{"name":"(anonymous_8)","decl":{"start":{"line":10,"column":2},"end":{"line":11,"column":19}},"loc":{"start":{"line":13,"column":12},"end":{"line":14,"column":7}}},"1":{"name":"(anonymous_9)","decl":{"start":{"line":16,"column":8},"end":{"line":16,"column":14}},"loc":{"start":{"line":16,"column":15},"end":{"line":22,"column":3}}},"2":{"name":"(anonymous_11)","decl":{"start":{"line":19,"column":16},"end":{"line":19,"column":17}},"loc":{"start":{"line":19,"column":16},"end":{"line":19,"column":17}}},"3":{"name":"(anonymous_12)","decl":{"start":{"line":24,"column":8},"end":{"line":24,"column":14}},"loc":{"start":{"line":24,"column":15},"end":{"line":30,"column":3}}},"4":{"name":"(anonymous_14)","decl":{"start":{"line":27,"column":16},"end":{"line":27,"column":17}},"loc":{"start":{"line":27,"column":16},"end":{"line":27,"column":17}}},"5":{"name":"(anonymous_15)","decl":{"start":{"line":32,"column":8},"end":{"line":32,"column":13}},"loc":{"start":{"line":32,"column":14},"end":{"line":37,"column":3}}},"6":{"name":"(anonymous_17)","decl":{"start":{"line":35,"column":16},"end":{"line":35,"column":17}},"loc":{"start":{"line":35,"column":16},"end":{"line":35,"column":17}}}},"branchMap":{"0":{"loc":{"start":{"line":12,"column":22},"end":{"line":12,"column":17}},"type":"binary-expr","locations":[{"start":{"line":12,"column":22},"end":{"line":12,"column":17}},{"start":{"line":12,"column":22},"end":{"line":12,"column":17}}]},"1":{"loc":{"start":{"line":12,"column":22},"end":{"line":12,"column":17}},"type":"binary-expr","locations":[{"start":{"line":12,"column":22},"end":{"line":12,"column":17}}]}},"s":{"0":1,"1":1,"2":1,"3":1,"4":1,"5":9,"6":9,"7":9,"8":2,"9":2,"10":1,"11":1,"12":1,"13":1,"14":1,"15":1,"16":1,"17":1,"18":1,"19":1,"20":1},"f":{"0":9,"1":2,"2":1,"3":1,"4":1,"5":1,"6":1},"b":{"0":[1,0],"1":[1]}}
}
