TN:
SF:/Users/yuchen/Projects/yca/auth-local/src/index.ts
FN:16,AuthLocalFactory
FN:27,(anonymous_3)
FNF:2
FNH:2
FNDA:9,AuthLocalFactory
FNDA:9,(anonymous_3)
DA:1,1
DA:2,1
DA:3,1
DA:4,1
DA:5,1
DA:7,1
DA:16,1
DA:17,9
DA:26,1
LF:9
LH:9
BRDA:27,0,0,7
BRF:1
BRH:1
end_of_record
TN:
SF:/Users/yuchen/Projects/yca/auth-local/src/service.ts
FN:10,(anonymous_8)
FN:16,(anonymous_9)
FN:19,(anonymous_11)
FN:24,(anonymous_12)
FN:27,(anonymous_14)
FN:32,(anonymous_15)
FN:35,(anonymous_17)
FNF:7
FNH:7
FNDA:9,(anonymous_8)
FNDA:2,(anonymous_9)
FNDA:1,(anonymous_11)
FNDA:1,(anonymous_12)
FNDA:1,(anonymous_14)
FNDA:1,(anonymous_15)
FNDA:1,(anonymous_17)
DA:1,1
DA:2,1
DA:3,1
DA:4,1
DA:5,1
DA:8,1
DA:11,9
DA:12,9
DA:13,9
DA:17,2
DA:18,2
DA:19,1
DA:21,1
DA:25,1
DA:26,1
DA:27,1
DA:29,1
DA:33,1
DA:34,1
DA:35,1
LF:20
LH:20
BRDA:12,0,0,1
BRDA:12,0,1,0
BRDA:12,1,0,1
BRF:3
BRH:2
end_of_record
