TN:
SF:/Users/yuchen/Projects/yca/auth-local/src/index.ts
FN:18,AuthLocalFactory
FN:29,(anonymous_3)
FNF:2
FNH:2
FNDA:9,AuthLocalFactory
FNDA:9,(anonymous_3)
DA:1,1
DA:2,1
DA:3,1
DA:4,1
DA:5,1
DA:7,1
DA:16,1
DA:18,1
DA:19,9
DA:28,1
LF:10
LH:10
BRDA:29,0,0,7
BRF:1
BRH:1
end_of_record
TN:
SF:/Users/yuchen/Projects/yca/auth-local/src/service.ts
FN:12,(anonymous_10)
FN:18,(anonymous_11)
FN:21,(anonymous_13)
FN:26,(anonymous_14)
FN:29,(anonymous_16)
FN:34,(anonymous_17)
FNF:6
FNH:6
FNDA:9,(anonymous_10)
FNDA:2,(anonymous_11)
FNDA:1,(anonymous_13)
FNDA:1,(anonymous_14)
FNDA:1,(anonymous_16)
FNDA:1,(anonymous_17)
DA:1,1
DA:2,1
DA:3,1
DA:4,1
DA:5,1
DA:7,1
DA:10,1
DA:13,9
DA:14,9
DA:15,9
DA:19,2
DA:20,2
DA:21,1
DA:23,1
DA:27,1
DA:28,1
DA:29,1
DA:31,1
DA:35,1
DA:36,1
LF:20
LH:20
BRDA:14,0,0,1
BRDA:14,0,1,0
BRDA:14,1,0,1
BRF:3
BRH:2
end_of_record
